# JRE version: 7.0_25-b15
# Java VM: Java HotSpot(TM) 64-Bit Server VM (23.25-b01 mixed mode linux-amd64 compressed oops)
Heap
 PSYoungGen      total 125312K, used 45883K [0x00000000ebf60000, 0x00000000f4940000, 0x0000000100000000)
  eden space 117696K, 32% used [0x00000000ebf60000,0x00000000ee4c48f0,0x00000000f3250000)
  from space 7616K, 99% used [0x00000000f3c70000,0x00000000f43da4c0,0x00000000f43e0000)
  to   space 10368K, 0% used [0x00000000f3250000,0x00000000f3250000,0x00000000f3c70000)
 ParOldGen       total 41088K, used 12137K [0x00000000c3e00000, 0x00000000c6620000, 0x00000000ebf60000)
  object space 41088K, 29% used [0x00000000c3e00000,0x00000000c49da468,0x00000000c6620000)
 PSPermGen       total 30080K, used 29945K [0x00000000bec00000, 0x00000000c0960000, 0x00000000c3e00000)
  object space 30080K, 99% used [0x00000000bec00000,0x00000000c093e4c0,0x00000000c0960000)
GC Heap History (10 events):
Event: 1,429 GC heap before
{Heap before GC invocations=4 (full 0):
 PSYoungGen      total 17920K, used 17909K [0x00000000ebf60000, 0x00000000ee260000, 0x0000000100000000)
  eden space 15360K, 100% used [0x00000000ebf60000,0x00000000ece60000,0x00000000ece60000)
  from space 2560K, 99% used [0x00000000ece60000,0x00000000ed0dd470,0x00000000ed0e0000)
  to   space 2560K, 0% used [0x00000000edfe0000,0x00000000edfe0000,0x00000000ee260000)
 ParOldGen       total 41088K, used 1333K [0x00000000c3e00000, 0x00000000c6620000, 0x00000000ebf60000)
  object space 41088K, 3% used [0x00000000c3e00000,0x00000000c3f4d7e0,0x00000000c6620000)
 PSPermGen       total 21248K, used 12001K [0x00000000bec00000, 0x00000000c00c0000, 0x00000000c3e00000)
  object space 21248K, 56% used [0x00000000bec00000,0x00000000bf7b8770,0x00000000c00c0000)
Event: 1,435 GC heap after
Heap after GC invocations=4 (full 0):
 PSYoungGen      total 33280K, used 2528K [0x00000000ebf60000, 0x00000000ee260000, 0x0000000100000000)
  eden space 30720K, 0% used [0x00000000ebf60000,0x00000000ebf60000,0x00000000edd60000)
  from space 2560K, 98% used [0x00000000edfe0000,0x00000000ee258020,0x00000000ee260000)
  to   space 2560K, 0% used [0x00000000edd60000,0x00000000edd60000,0x00000000edfe0000)
 ParOldGen       total 41088K, used 2493K [0x00000000c3e00000, 0x00000000c6620000, 0x00000000ebf60000)
  object space 41088K, 6% used [0x00000000c3e00000,0x00000000c406f580,0x00000000c6620000)
 PSPermGen       total 21248K, used 12001K [0x00000000bec00000, 0x00000000c00c0000, 0x00000000c3e00000)
  object space 21248K, 56% used [0x00000000bec00000,0x00000000bf7b8770,0x00000000c00c0000)
}
Event: 1,892 GC heap before
{Heap before GC invocations=5 (full 0):
 PSYoungGen      total 33280K, used 33248K [0x00000000ebf60000, 0x00000000ee260000, 0x0000000100000000)
  eden space 30720K, 100% used [0x00000000ebf60000,0x00000000edd60000,0x00000000edd60000)
  from space 2560K, 98% used [0x00000000edfe0000,0x00000000ee258020,0x00000000ee260000)
  to   space 2560K, 0% used [0x00000000edd60000,0x00000000edd60000,0x00000000edfe0000)
 ParOldGen       total 41088K, used 2493K [0x00000000c3e00000, 0x00000000c6620000, 0x00000000ebf60000)
  object space 41088K, 6% used [0x00000000c3e00000,0x00000000c406f580,0x00000000c6620000)
 PSPermGen       total 21248K, used 13187K [0x00000000bec00000, 0x00000000c00c0000, 0x00000000c3e00000)
  object space 21248K, 62% used [0x00000000bec00000,0x00000000bf8e0c10,0x00000000c00c0000)
Event: 1,897 GC heap after
Heap after GC invocations=5 (full 0):
 PSYoungGen      total 33280K, used 2544K [0x00000000ebf60000, 0x00000000f0380000, 0x0000000100000000)
  eden space 30720K, 0% used [0x00000000ebf60000,0x00000000ebf60000,0x00000000edd60000)
  from space 2560K, 99% used [0x00000000edd60000,0x00000000edfdc010,0x00000000edfe0000)
  to   space 4160K, 0% used [0x00000000eff70000,0x00000000eff70000,0x00000000f0380000)
 ParOldGen       total 41088K, used 3464K [0x00000000c3e00000, 0x00000000c6620000, 0x00000000ebf60000)
  object space 41088K, 8% used [0x00000000c3e00000,0x00000000c4162000,0x00000000c6620000)
 PSPermGen       total 21248K, used 13187K [0x00000000bec00000, 0x00000000c00c0000, 0x00000000c3e00000)
  object space 21248K, 62% used [0x00000000bec00000,0x00000000bf8e0c10,0x00000000c00c0000)
}
Event: 2,505 GC heap before
{Heap before GC invocations=6 (full 0):
 PSYoungGen      total 33280K, used 33264K [0x00000000ebf60000, 0x00000000f0380000, 0x0000000100000000)
  eden space 30720K, 100% used [0x00000000ebf60000,0x00000000edd60000,0x00000000edd60000)
  from space 2560K, 99% used [0x00000000edd60000,0x00000000edfdc010,0x00000000edfe0000)
  to   space 4160K, 0% used [0x00000000eff70000,0x00000000eff70000,0x00000000f0380000)
 ParOldGen       total 41088K, used 3464K [0x00000000c3e00000, 0x00000000c6620000, 0x00000000ebf60000)
  object space 41088K, 8% used [0x00000000c3e00000,0x00000000c4162000,0x00000000c6620000)
 PSPermGen       total 21248K, used 16916K [0x00000000bec00000, 0x00000000c00c0000, 0x00000000c3e00000)
  object space 21248K, 79% used [0x00000000bec00000,0x00000000bfc851b0,0x00000000c00c0000)
Event: 2,513 GC heap after
Heap after GC invocations=6 (full 0):
 PSYoungGen      total 64384K, used 4152K [0x00000000ebf60000, 0x00000000f05e0000, 0x0000000100000000)
  eden space 60224K, 0% used [0x00000000ebf60000,0x00000000ebf60000,0x00000000efa30000)
  from space 4160K, 99% used [0x00000000eff70000,0x00000000f037e0f0,0x00000000f0380000)
  to   space 5376K, 0% used [0x00000000efa30000,0x00000000efa30000,0x00000000eff70000)
 ParOldGen       total 41088K, used 4954K [0x00000000c3e00000, 0x00000000c6620000, 0x00000000ebf60000)
  object space 41088K, 12% used [0x00000000c3e00000,0x00000000c42d6b08,0x00000000c6620000)
 PSPermGen       total 21248K, used 16916K [0x00000000bec00000, 0x00000000c00c0000, 0x00000000c3e00000)
  object space 21248K, 79% used [0x00000000bec00000,0x00000000bfc851b0,0x00000000c00c0000)
}
Event: 3,211 GC heap before
{Heap before GC invocations=7 (full 0):
 PSYoungGen      total 64384K, used 64376K [0x00000000ebf60000, 0x00000000f05e0000, 0x0000000100000000)
  eden space 60224K, 100% used [0x00000000ebf60000,0x00000000efa30000,0x00000000efa30000)
  from space 4160K, 99% used [0x00000000eff70000,0x00000000f037e0f0,0x00000000f0380000)
  to   space 5376K, 0% used [0x00000000efa30000,0x00000000efa30000,0x00000000eff70000)
 ParOldGen       total 41088K, used 4954K [0x00000000c3e00000, 0x00000000c6620000, 0x00000000ebf60000)
  object space 41088K, 12% used [0x00000000c3e00000,0x00000000c42d6b08,0x00000000c6620000)
 PSPermGen       total 21248K, used 21037K [0x00000000bec00000, 0x00000000c00c0000, 0x00000000c3e00000)
  object space 21248K, 99% used [0x00000000bec00000,0x00000000c008b5a0,0x00000000c00c0000)
Event: 3,227 GC heap after
Heap after GC invocations=7 (full 0):
 PSYoungGen      total 65600K, used 5365K [0x00000000ebf60000, 0x00000000f43e0000, 0x0000000100000000)
  eden space 60224K, 0% used [0x00000000ebf60000,0x00000000ebf60000,0x00000000efa30000)
  from space 5376K, 99% used [0x00000000efa30000,0x00000000eff6d570,0x00000000eff70000)
  to   space 7616K, 0% used [0x00000000f3c70000,0x00000000f3c70000,0x00000000f43e0000)
 ParOldGen       total 41088K, used 8240K [0x00000000c3e00000, 0x00000000c6620000, 0x00000000ebf60000)
  object space 41088K, 20% used [0x00000000c3e00000,0x00000000c460c148,0x00000000c6620000)
 PSPermGen       total 21248K, used 21037K [0x00000000bec00000, 0x00000000c00c0000, 0x00000000c3e00000)
  object space 21248K, 99% used [0x00000000bec00000,0x00000000c008b5a0,0x00000000c00c0000)
}
Event: 25,252 GC heap before
{Heap before GC invocations=8 (full 0):
 PSYoungGen      total 65600K, used 65589K [0x00000000ebf60000, 0x00000000f43e0000, 0x0000000100000000)
  eden space 60224K, 100% used [0x00000000ebf60000,0x00000000efa30000,0x00000000efa30000)
  from space 5376K, 99% used [0x00000000efa30000,0x00000000eff6d570,0x00000000eff70000)
  to   space 7616K, 0% used [0x00000000f3c70000,0x00000000f3c70000,0x00000000f43e0000)
 ParOldGen       total 41088K, used 8240K [0x00000000c3e00000, 0x00000000c6620000, 0x00000000ebf60000)
  object space 41088K, 20% used [0x00000000c3e00000,0x00000000c460c148,0x00000000c6620000)
 PSPermGen       total 24512K, used 24418K [0x00000000bec00000, 0x00000000c03f0000, 0x00000000c3e00000)
  object space 24512K, 99% used [0x00000000bec00000,0x00000000c03d89b8,0x00000000c03f0000)
Event: 25,267 GC heap after
Heap after GC invocations=8 (full 0):
 PSYoungGen      total 125312K, used 7593K [0x00000000ebf60000, 0x00000000f4940000, 0x0000000100000000)
  eden space 117696K, 0% used [0x00000000ebf60000,0x00000000ebf60000,0x00000000f3250000)
  from space 7616K, 99% used [0x00000000f3c70000,0x00000000f43da4c0,0x00000000f43e0000)
  to   space 10368K, 0% used [0x00000000f3250000,0x00000000f3250000,0x00000000f3c70000)
 ParOldGen       total 41088K, used 12137K [0x00000000c3e00000, 0x00000000c6620000, 0x00000000ebf60000)
  object space 41088K, 29% used [0x00000000c3e00000,0x00000000c49da468,0x00000000c6620000)
 PSPermGen       total 24512K, used 24418K [0x00000000bec00000, 0x00000000c03f0000, 0x00000000c3e00000)
  object space 24512K, 99% used [0x00000000bec00000,0x00000000c03d89b8,0x00000000c03f0000)
}

